<?xml version="1.0" encoding="UTF-8"?>
<!-- Generated by org.testng.reporters.JUnitReportReporter -->
<testsuite hostname="Krishnas-Laptop.local" failures="0" tests="1" name="testCases.TC001_AccountRegistrationTest" time="4.580" errors="0" timestamp="2025-01-10T03:00:05 AEDT" skipped="0">
  <testcase classname="testCases.TC001_AccountRegistrationTest" name="accountRegitrationTest" time="4.580"/>
</testsuite> <!-- testCases.TC001_AccountRegistrationTest -->
