<?xml version="1.0" encoding="UTF-8"?>
<!-- Generated by org.testng.reporters.JUnitReportReporter -->
<testsuite hostname="Krishnas-Laptop.local" failures="0" tests="1" name="testCases.TC002_LoginTest" time="0.988" errors="0" timestamp="2025-01-18T15:22:26 AEDT" skipped="0">
  <testcase classname="testCases.TC002_LoginTest" name="LoginTest" time="0.988"/>
</testsuite> <!-- testCases.TC002_LoginTest -->
